<testsuite name="ScenarioOutlineExample.login Rediffmail" tests="4" errors="3" failures="0" skipped="0" time="330.664838" timestamp="2022-11-09T17:46:02.546184" hostname="INBook_X1"><testcase classname="ScenarioOutlineExample.login Rediffmail" name="login data -- @1.1 " status="passed" time="61.670042"><system-out>
<![CDATA[
@scenario.begin
  Scenario Outline: login data -- @1.1 
    Given we navigate to Rediffmail account ... passed in 7.879s
    When we validate the username text ... passed in 3.042s
    And we type in the "selenium.testmay1999" edit box ... passed in 3.152s
    And we validate the password text ... passed in 3.070s
    And we type in the "Dilee@123" field ... passed in 3.125s
    And we click on the sign in button ... passed in 35.136s
    Then type "welcome" in search bar ... passed in 3.162s
    And click on search button ... passed in 3.104s

@scenario.end
--------------------------------------------------------------------------------

Captured stdout:
Pass

Pass

Pass

Pass

Pass

Pass




]]>
</system-out></testcase><testcase classname="ScenarioOutlineExample.login Rediffmail" name="login data -- @1.2 " status="failed" time="67.161045"><error type="TimeoutException" message="Message: &#10;">
<![CDATA[
Failing step: Then type "welcome" in search bar ... failed in 40.553s
Location: features/ScenarioOutlineExample.feature:12
Traceback (most recent call last):
  File "C:\Users\91907\AppData\Local\Programs\Python\Python310\lib\site-packages\behave\model.py", line 1329, in run
    match.run(runner.context)
  File "C:\Users\91907\AppData\Local\Programs\Python\Python310\lib\site-packages\behave\matchers.py", line 98, in run
    self.func(context, *args, **kwargs)
  File "features\steps\ScenarioOutlineExampleStep.py", line 64, in step_impl
    context.reg.text_search(searchtext)
  File "C:\training\BDD\BDDBehavePOM\BDDBehavePOM-main\features\pageobjects\LoginPage.py", line 40, in text_search
    WebDriverWait(self.driver,40, ignored_exceptions=[StaleElementReferenceException]).until(EC.presence_of_element_located((By.ID,"inp_search_box")))
  File "C:\Users\91907\AppData\Local\Programs\Python\Python310\lib\site-packages\selenium\webdriver\support\wait.py", line 80, in until
    raise TimeoutException(message, screen, stacktrace)
selenium.common.exceptions.TimeoutException: Message: 


Captured stdout:
Pass

Pass

Pass

Pass

Pass

Pass

Captured logging:
INFO:builtins:Navigated to Rediffmail Login Page
INFO:builtins:Username Text Validated
INFO:builtins:Username field typed
INFO:builtins:Password Text Validated
INFO:builtins:Password field typed
INFO:builtins:Signin button clicked]]>
</error><system-out>
<![CDATA[
@scenario.begin
  Scenario Outline: login data -- @1.2 
    Given we navigate to Rediffmail account ... passed in 7.494s
    When we validate the username text ... passed in 3.038s
    And we type in the "naveennani.2022@" edit box ... passed in 3.156s
    And we validate the password text ... passed in 3.053s
    And we type in the "Dilee@123" field ... passed in 3.139s
    And we click on the sign in button ... passed in 6.729s
    Then type "welcome" in search bar ... failed in 40.553s
    And click on search button ... skipped in 0.000s

@scenario.end
--------------------------------------------------------------------------------

Captured stdout:
Pass

Pass

Pass

Pass

Pass

Pass



]]>
</system-out></testcase><testcase classname="ScenarioOutlineExample.login Rediffmail" name="login data -- @1.3 " status="failed" time="69.526677"><error type="TimeoutException" message="Message: &#10;">
<![CDATA[
Failing step: Then type "welcome" in search bar ... failed in 40.568s
Location: features/ScenarioOutlineExample.feature:12
Traceback (most recent call last):
  File "C:\Users\91907\AppData\Local\Programs\Python\Python310\lib\site-packages\behave\model.py", line 1329, in run
    match.run(runner.context)
  File "C:\Users\91907\AppData\Local\Programs\Python\Python310\lib\site-packages\behave\matchers.py", line 98, in run
    self.func(context, *args, **kwargs)
  File "features\steps\ScenarioOutlineExampleStep.py", line 64, in step_impl
    context.reg.text_search(searchtext)
  File "C:\training\BDD\BDDBehavePOM\BDDBehavePOM-main\features\pageobjects\LoginPage.py", line 40, in text_search
    WebDriverWait(self.driver,40, ignored_exceptions=[StaleElementReferenceException]).until(EC.presence_of_element_located((By.ID,"inp_search_box")))
  File "C:\Users\91907\AppData\Local\Programs\Python\Python310\lib\site-packages\selenium\webdriver\support\wait.py", line 80, in until
    raise TimeoutException(message, screen, stacktrace)
selenium.common.exceptions.TimeoutException: Message: 


Captured stdout:
Pass

Pass

Pass

Pass

Pass

Pass

Captured logging:
INFO:builtins:Navigated to Rediffmail Login Page
INFO:builtins:Username Text Validated
INFO:builtins:Username field typed
INFO:builtins:Password Text Validated
INFO:builtins:Password field typed
INFO:builtins:Signin button clicked]]>
</error><system-out>
<![CDATA[
@scenario.begin
  Scenario Outline: login data -- @1.3 
    Given we navigate to Rediffmail account ... passed in 5.641s
    When we validate the username text ... passed in 3.048s
    And we type in the "selenium.testmay1999" edit box ... passed in 3.200s
    And we validate the password text ... passed in 3.064s
    And we type in the "test@123" field ... passed in 3.149s
    And we click on the sign in button ... passed in 10.857s
    Then type "welcome" in search bar ... failed in 40.568s
    And click on search button ... skipped in 0.000s

@scenario.end
--------------------------------------------------------------------------------

Captured stdout:
Pass

Pass

Pass

Pass

Pass

Pass



]]>
</system-out></testcase><testcase classname="ScenarioOutlineExample.login Rediffmail" name="login data -- @1.4 " status="failed" time="132.307074"><error type="TimeoutException" message="Message: &#10;">
<![CDATA[
Failing step: Then type "welcome" in search bar ... failed in 40.627s
Location: features/ScenarioOutlineExample.feature:12
Traceback (most recent call last):
  File "C:\Users\91907\AppData\Local\Programs\Python\Python310\lib\site-packages\behave\model.py", line 1329, in run
    match.run(runner.context)
  File "C:\Users\91907\AppData\Local\Programs\Python\Python310\lib\site-packages\behave\matchers.py", line 98, in run
    self.func(context, *args, **kwargs)
  File "features\steps\ScenarioOutlineExampleStep.py", line 64, in step_impl
    context.reg.text_search(searchtext)
  File "C:\training\BDD\BDDBehavePOM\BDDBehavePOM-main\features\pageobjects\LoginPage.py", line 40, in text_search
    WebDriverWait(self.driver,40, ignored_exceptions=[StaleElementReferenceException]).until(EC.presence_of_element_located((By.ID,"inp_search_box")))
  File "C:\Users\91907\AppData\Local\Programs\Python\Python310\lib\site-packages\selenium\webdriver\support\wait.py", line 80, in until
    raise TimeoutException(message, screen, stacktrace)
selenium.common.exceptions.TimeoutException: Message: 


Captured stdout:
Pass

Pass

Pass

Pass

Pass

Pass

Captured logging:
INFO:builtins:Navigated to Rediffmail Login Page
INFO:builtins:Username Text Validated
INFO:builtins:Username field typed
INFO:builtins:Password Text Validated
INFO:builtins:Password field typed
INFO:builtins:Signin button clicked]]>
</error><system-out>
<![CDATA[
@scenario.begin
  Scenario Outline: login data -- @1.4 
    Given we navigate to Rediffmail account ... passed in 45.220s
    When we validate the username text ... passed in 3.072s
    And we type in the "selenium.testmay20171" edit box ... passed in 3.138s
    And we validate the password text ... passed in 3.051s
    And we type in the "test@123431" field ... passed in 3.137s
    And we click on the sign in button ... passed in 34.062s
    Then type "welcome" in search bar ... failed in 40.627s
    And click on search button ... skipped in 0.000s

@scenario.end
--------------------------------------------------------------------------------

Captured stdout:
Pass

Pass

Pass

Pass

Pass

Pass



]]>
</system-out></testcase></testsuite>