{"name": "login data -- @1.3 ", "status": "broken", "statusDetails": {"message": "selenium.common.exceptions.TimeoutException: Message: \n\n", "trace": "  File \"C:\\Users\\91907\\AppData\\Local\\Programs\\Python\\Python310\\lib\\site-packages\\behave\\model.py\", line 1329, in run\n    match.run(runner.context)\n  File \"C:\\Users\\91907\\AppData\\Local\\Programs\\Python\\Python310\\lib\\site-packages\\behave\\matchers.py\", line 98, in run\n    self.func(context, *args, **kwargs)\n  File \"features\\steps\\ScenarioOutlineExampleStep.py\", line 64, in step_impl\n    context.reg.text_search(searchtext)\n  File \"C:\\training\\BDD\\BDDBehavePOM\\BDDBehavePOM-main\\features\\pageobjects\\LoginPage.py\", line 40, in text_search\n    WebDriverWait(self.driver,40, ignored_exceptions=[StaleElementReferenceException]).until(EC.presence_of_element_located((By.ID,\"inp_search_box\")))\n  File \"C:\\Users\\91907\\AppData\\Local\\Programs\\Python\\Python310\\lib\\site-packages\\selenium\\webdriver\\support\\wait.py\", line 80, in until\n    raise TimeoutException(message, screen, stacktrace)\n"}, "steps": [{"name": "Given we navigate to Rediffmail account", "status": "passed", "start": 1668006702511, "stop": 1668006706397}, {"name": "When we validate the username text", "status": "passed", "start": 1668006706397, "stop": 1668006709454}, {"name": "And we type in the \"selenium.testmay1999\" edit box", "status": "passed", "start": 1668006709455, "stop": 1668006712612}, {"name": "And we validate the password text", "status": "passed", "start": 1668006712612, "stop": 1668006715684}, {"name": "And we type in the \"test@123\" field", "status": "passed", "start": 1668006715684, "stop": 1668006718823}, {"name": "And we click on the sign in button", "status": "passed", "start": 1668006718823, "stop": 1668006722397}, {"name": "Then type \"welcome\" in search bar", "status": "broken", "statusDetails": {"message": "selenium.common.exceptions.TimeoutException: Message: \n\n", "trace": "  File \"C:\\Users\\91907\\AppData\\Local\\Programs\\Python\\Python310\\lib\\site-packages\\behave\\model.py\", line 1329, in run\n    match.run(runner.context)\n  File \"C:\\Users\\91907\\AppData\\Local\\Programs\\Python\\Python310\\lib\\site-packages\\behave\\matchers.py\", line 98, in run\n    self.func(context, *args, **kwargs)\n  File \"features\\steps\\ScenarioOutlineExampleStep.py\", line 64, in step_impl\n    context.reg.text_search(searchtext)\n  File \"C:\\training\\BDD\\BDDBehavePOM\\BDDBehavePOM-main\\features\\pageobjects\\LoginPage.py\", line 40, in text_search\n    WebDriverWait(self.driver,40, ignored_exceptions=[StaleElementReferenceException]).until(EC.presence_of_element_located((By.ID,\"inp_search_box\")))\n  File \"C:\\Users\\91907\\AppData\\Local\\Programs\\Python\\Python310\\lib\\site-packages\\selenium\\webdriver\\support\\wait.py\", line 80, in until\n    raise TimeoutException(message, screen, stacktrace)\n"}, "attachments": [{"name": "screenshot", "source": "b6c1bf4b-440b-4917-aed3-d94bd98def5d-attachment.png", "type": "image/png"}], "start": 1668006722398, "stop": 1668006763253}, {"name": "And click on search button", "status": "skipped", "start": 1668006768582, "stop": 1668006768582}], "parameters": [{"name": "username", "value": "selenium.testmay1999"}, {"name": "password", "value": "test@123"}, {"name": "searchtext", "value": "welcome"}], "start": 1668006699609, "stop": 1668006768582, "uuid": "f19b9702-a209-47be-b300-f02bce858e60", "historyId": "116eb34ef3a68a6800e929ec325fc0fd", "fullName": "login Rediffmail: login data", "labels": [{"name": "severity", "value": "normal"}, {"name": "feature", "value": "login Rediffmail"}, {"name": "framework", "value": "behave"}, {"name": "language", "value": "cpython3"}]}