{"name": "login data -- @1.4 ", "status": "broken", "statusDetails": {"message": "selenium.common.exceptions.TimeoutException: Message: \n\n", "trace": "  File \"C:\\Users\\91907\\AppData\\Local\\Programs\\Python\\Python310\\lib\\site-packages\\behave\\model.py\", line 1329, in run\n    match.run(runner.context)\n  File \"C:\\Users\\91907\\AppData\\Local\\Programs\\Python\\Python310\\lib\\site-packages\\behave\\matchers.py\", line 98, in run\n    self.func(context, *args, **kwargs)\n  File \"features\\steps\\ScenarioOutlineExampleStep.py\", line 64, in step_impl\n    context.reg.text_search(searchtext)\n  File \"C:\\training\\BDD\\BDDBehavePOM\\BDDBehavePOM-main\\features\\pageobjects\\LoginPage.py\", line 40, in text_search\n    WebDriverWait(self.driver,40, ignored_exceptions=[StaleElementReferenceException]).until(EC.presence_of_element_located((By.ID,\"inp_search_box\")))\n  File \"C:\\Users\\91907\\AppData\\Local\\Programs\\Python\\Python310\\lib\\site-packages\\selenium\\webdriver\\support\\wait.py\", line 80, in until\n    raise TimeoutException(message, screen, stacktrace)\n"}, "steps": [{"name": "Given we navigate to Rediffmail account", "status": "passed", "start": 1668006771327, "stop": 1668006775207}, {"name": "When we validate the username text", "status": "passed", "start": 1668006775207, "stop": 1668006778247}, {"name": "And we type in the \"selenium.testmay20171\" edit box", "status": "passed", "start": 1668006778247, "stop": 1668006781438}, {"name": "And we validate the password text", "status": "passed", "start": 1668006781439, "stop": 1668006784494}, {"name": "And we type in the \"test@123431\" field", "status": "passed", "start": 1668006784494, "stop": 1668006787641}, {"name": "And we click on the sign in button", "status": "passed", "start": 1668006787641, "stop": 1668006791236}, {"name": "Then type \"welcome\" in search bar", "status": "broken", "statusDetails": {"message": "selenium.common.exceptions.TimeoutException: Message: \n\n", "trace": "  File \"C:\\Users\\91907\\AppData\\Local\\Programs\\Python\\Python310\\lib\\site-packages\\behave\\model.py\", line 1329, in run\n    match.run(runner.context)\n  File \"C:\\Users\\91907\\AppData\\Local\\Programs\\Python\\Python310\\lib\\site-packages\\behave\\matchers.py\", line 98, in run\n    self.func(context, *args, **kwargs)\n  File \"features\\steps\\ScenarioOutlineExampleStep.py\", line 64, in step_impl\n    context.reg.text_search(searchtext)\n  File \"C:\\training\\BDD\\BDDBehavePOM\\BDDBehavePOM-main\\features\\pageobjects\\LoginPage.py\", line 40, in text_search\n    WebDriverWait(self.driver,40, ignored_exceptions=[StaleElementReferenceException]).until(EC.presence_of_element_located((By.ID,\"inp_search_box\")))\n  File \"C:\\Users\\91907\\AppData\\Local\\Programs\\Python\\Python310\\lib\\site-packages\\selenium\\webdriver\\support\\wait.py\", line 80, in until\n    raise TimeoutException(message, screen, stacktrace)\n"}, "attachments": [{"name": "screenshot", "source": "2f703c38-651d-463b-8800-10a1e3df8312-attachment.png", "type": "image/png"}], "start": 1668006791236, "stop": 1668006832040}, {"name": "And click on search button", "status": "skipped", "start": 1668006837312, "stop": 1668006837312}], "parameters": [{"name": "username", "value": "selenium.testmay20171"}, {"name": "password", "value": "test@123431"}, {"name": "searchtext", "value": "welcome"}], "start": 1668006768587, "stop": 1668006837312, "uuid": "ce0461d9-79d1-493b-b342-9043f43a9ff6", "historyId": "13f7ad56d072de432cf543aead93a7f2", "fullName": "login Rediffmail: login data", "labels": [{"name": "severity", "value": "normal"}, {"name": "feature", "value": "login Rediffmail"}, {"name": "framework", "value": "behave"}, {"name": "language", "value": "cpython3"}]}